========================================
            🔔 触发详情（Trigger Info）
========================================
记录生成时间（Log Time）：2025-07-17 10:41:34
环境标识（Env）：be-beta
项目名称（Project Name）：manual-retry
项目地址（Project URL）：
分支或标签（Git Ref/Tag）：
事件类型（Event Type）：manual-retry

========================================
            📤 提交记录（Git Commit Info）
========================================
提交 #1：
  Commit ID：123456
  提交人（Committer）：manual-retry <>
  提交说明（Message）：Manual retry
  提交时间（Timestamp）：
  提交详情链接（URL）：

========================================
            🛠️ 执行脚本（Script Execution）
========================================
脚本路径（Script Path）：/home/youxihu/mytest/QucikBrick/be-beta.sh

--- 脚本输出（Script Output） ---
  [2025-07-17 10:41:28] 后端端测试脚本开始执行
  [2025-07-17 10:41:28] 正在执行步骤 1：初始化配置
  [2025-07-17 10:41:29] 正在执行步骤 2：加载数据
  [2025-07-17 10:41:31] 正在执行步骤 3：处理数据
  [2025-07-17 10:41:33] 正在执行步骤 4：保存结果
  [2025-07-17 10:41:34] 脚本执行完成
  
  
========================================

